################################################################################################################################################
Detected SHAFT Engine Version: [SHAFT Engine v5.2.20210427]
################################################################################################################################################
[ReportManager] Attempting to run remotely on: [Linux-64], [GoogleChrome], [http://localhost:4444/wd/hub], Headless Execution. @28-04-2021 20:36:18.0090 PM
[ReportManager] An Exception Occured with this Message: null value in entry: desiredCapabilities=null. @28-04-2021 20:36:18.0400 PM
[ReportManager] Successfully created attachment [Exception Stack Trace - java.lang.NullPointerException] @28-04-2021 20:36:18.0402 PM
[ReportManager] Unhandled Exception with Driver Type [GoogleChrome]. @28-04-2021 20:36:18.0403 P

################################################################################################################################################
Starting Execution:	[1 out of 137] test cases in the current suite
Test Method:		[testPackage01.Test_assertEquals.test_assertElementAttribute]
###############################################################################################################################################

[ReportManager] Attempting to run remotely on: [Linux-64], [GoogleChrome], [http://localhost:4444/wd/hub], Headless Execution. @28-04-2021 20:36:18.0662 PM
[ReportManager] An Exception Occured with this Message: null value in entry: desiredCapabilities=null. @28-04-2021 20:36:18.0664 PM
[ReportManager] Successfully created attachment [Exception Stack Trace - java.lang.NullPointerException] @28-04-2021 20:36:18.0664 PM
[ReportManager] Unhandled Exception with Driver Type [GoogleChrome]. @28-04-2021 20:36:18.0665 P

################################################################################################################################################
Starting Execution:	[2 out of 137] test cases in the current suite
Test Method:		[testPackage01.Test_dynamicLoading.dynamicLoading_elementIsHidden]
###############################################################################################################################################



################################################################################################################################################
Starting Execution:	[3 out of 137] test cases in the current suite
Test Method:		[testPackage01.Test_dynamicLoading.dynamicLoading_elementIsRendered]
###############################################################################################################################################


################################################################################################################################################
Starting Execution:	[4 out of 137] test cases in the current suite
Test Method:		[testPackage01.Test_SelectedValue.multipleSelect]
################################################################################################################################################
[ReportManager] Attempting to run remotely on: [Linux-64], [GoogleChrome], [http://localhost:4444/wd/hub], Headless Execution. @28-04-2021 20:36:18.0689 PM
[ReportManager] An Exception Occured with this Message: null value in entry: desiredCapabilities=null. @28-04-2021 20:36:18.0690 PM
[ReportManager] Successfully created attachment [Exception Stack Trace - java.lang.NullPointerException] @28-04-2021 20:36:18.0691 PM
[ReportManager] Unhandled Exception with Driver Type [GoogleChrome]. @28-04-2021 20:36:18.0691 P

################################################################################################################################################
Starting Execution:	[5 out of 137] test cases in the current suite
Test Method:		[testPackage01.Test_SelectedValue.simpleSelect]
################################################################################################################################################
[ReportManager] Attempting to run remotely on: [Linux-64], [GoogleChrome], [http://localhost:4444/wd/hub], Headless Execution. @28-04-2021 20:36:18.0700 PM
[ReportManager] An Exception Occured with this Message: null value in entry: desiredCapabilities=null. @28-04-2021 20:36:18.0702 PM
[ReportManager] Successfully created attachment [Exception Stack Trace - java.lang.NullPointerException] @28-04-2021 20:36:18.0702 PM
[ReportManager] Unhandled Exception with Driver Type [GoogleChrome]. @28-04-2021 20:36:18.0702 P
[ReportManager] Attempting to run remotely on: [Linux-64], [GoogleChrome], [http://localhost:4444/wd/hub], Headless Execution. @28-04-2021 20:36:18.0710 PM
[ReportManager] An Exception Occured with this Message: null value in entry: desiredCapabilities=null. @28-04-2021 20:36:18.0710 PM
[ReportManager] Successfully created attachment [Exception Stack Trace - java.lang.NullPointerException] @28-04-2021 20:36:18.0711 PM
[ReportManager] Unhandled Exception with Driver Type [GoogleChrome]. @28-04-2021 20:36:18.0711 P

################################################################################################################################################
Starting Execution:	[6 out of 137] test cases in the current suite
Test Method:		[testPackage01.Test_IsElementClickable.testIsElementClickable]
###############################################################################################################################################

[ReportManager] Attempting to run remotely on: [Linux-64], [GoogleChrome], [http://localhost:4444/wd/hub], Headless Execution. @28-04-2021 20:36:18.0722 PM
[ReportManager] An Exception Occured with this Message: null value in entry: desiredCapabilities=null. @28-04-2021 20:36:18.0722 PM
[ReportManager] Successfully created attachment [Exception Stack Trace - java.lang.NullPointerException] @28-04-2021 20:36:18.0722 PM
[ReportManager] Unhandled Exception with Driver Type [GoogleChrome]. @28-04-2021 20:36:18.0723 P

################################################################################################################################################
Starting Execution:	[7 out of 137] test cases in the current suite
Test Method:		[testPackage01.Test_dragAndDrop.dragAndDrop]
Test Description:	[TC001 - Test Drag and Drop function.]
###############################################################################################################################################



################################################################################################################################################
Starting Execution:	[8 out of 137] test cases in the current suite
Test Method:		[testPackage01.Test_dragAndDrop.dragAndDropByOffset]
Test Description:	[TC002 - Test Drag and Drop by offset function.]
###############################################################################################################################################



################################################################################################################################################
Starting Execution:	[9 out of 137] test cases in the current suite
Test Method:		[testPackage01.Test_dragAndDrop.dragAndDropJquery]
###############################################################################################################################################


################################################################################################################################################
Starting Execution:	[10 out of 137] test cases in the current suite
Test Method:		[testPackage01.Test_SkipDueToIssue.doNotSkip]
################################################################################################################################################
[ReportManager] This should not be skipped. @28-04-2021 20:36:18.0744 P

################################################################################################################################################
Starting Execution:	[11 out of 137] test cases in the current suite
Test Method:		[testPackage01.Test_SkipDueToIssue.skip]
################################################################################################################################################
[ReportManager] This should be skipped. @28-04-2021 20:36:18.0750 P

################################################################################################################################################
Starting Execution:	[12 out of 137] test cases in the current suite
Test Method:		[testPackage01.Test_SkipDueToIssue.skip2]
################################################################################################################################################
[ReportManager] This should be skipped. @28-04-2021 20:36:18.0755 P

################################################################################################################################################
Starting Execution:	[13 out of 137] test cases in the current suite
Test Method:		[testPackage01.Test_chainableElementActions.chainElementActions]
################################################################################################################################################
[ReportManager] Attempting to run remotely on: [Linux-64], [GoogleChrome], [http://localhost:4444/wd/hub], Headless Execution. @28-04-2021 20:36:18.0760 PM
[ReportManager] An Exception Occured with this Message: null value in entry: desiredCapabilities=null. @28-04-2021 20:36:18.0760 PM
[ReportManager] Successfully created attachment [Exception Stack Trace - java.lang.NullPointerException] @28-04-2021 20:36:18.0761 PM
[ReportManager] Unhandled Exception with Driver Type [GoogleChrome]. @28-04-2021 20:36:18.0761 P
[ReportManager] Attempting to run remotely on: [Linux-64], [GoogleChrome], [http://localhost:4444/wd/hub], Headless Execution. @28-04-2021 20:36:18.0765 PM
[ReportManager] An Exception Occured with this Message: null value in entry: desiredCapabilities=null. @28-04-2021 20:36:18.0765 PM
[ReportManager] Successfully created attachment [Exception Stack Trace - java.lang.NullPointerException] @28-04-2021 20:36:18.0766 PM
[ReportManager] Unhandled Exception with Driver Type [GoogleChrome]. @28-04-2021 20:36:18.0766 P

################################################################################################################################################
Starting Execution:	[14 out of 137] test cases in the current suite
Test Method:		[testPackage01.Test_clipboardActions.typeTextAndCopyPaste]
###############################################################################################################################################

[ReportManager] Attempting to run remotely on: [Linux-64], [GoogleChrome], [http://localhost:4444/wd/hub], Headless Execution. @28-04-2021 20:36:18.0773 PM
[ReportManager] An Exception Occured with this Message: null value in entry: desiredCapabilities=null. @28-04-2021 20:36:18.0774 PM
[ReportManager] Successfully created attachment [Exception Stack Trace - java.lang.NullPointerException] @28-04-2021 20:36:18.0774 PM
[ReportManager] Unhandled Exception with Driver Type [GoogleChrome]. @28-04-2021 20:36:18.0775 P

################################################################################################################################################
Starting Execution:	[15 out of 137] test cases in the current suite
Test Method:		[testPackage01.Test_verifyEquals.test_assertElementAttribute]
###############################################################################################################################################


################################################################################################################################################
Starting Execution:	[16 out of 137] test cases in the current suite
Test Method:		[testPackage01.Test_JSONFileManager.readStringFromJson]
################################################################################################################################################
[ReportManager] Successfully loaded the following test data file [src/test/resources/TestDataFiles/simpleJSON.json]. @28-04-2021 20:36:18.0784 PM
[ReportManager] Successfully created attachment [Test Data - JSON] @28-04-2021 20:36:18.0953 PM
[ReportManager] AssertEquals PASSED; Expected [Mohab Mohie] and Actual [Mohab Mohie]. Comparison Type [EQUALS]. Validation Type [POSITIVE]. @28-04-2021 20:36:20.0447 P
[ReportManager] Attempting to run remotely on: [Linux-64], [GoogleChrome], [http://localhost:4444/wd/hub], Headless Execution. @28-04-2021 20:36:20.0458 PM
[ReportManager] An Exception Occured with this Message: null value in entry: desiredCapabilities=null. @28-04-2021 20:36:20.0464 PM
[ReportManager] Successfully created attachment [Exception Stack Trace - java.lang.NullPointerException] @28-04-2021 20:36:20.0465 PM
[ReportManager] Unhandled Exception with Driver Type [GoogleChrome]. @28-04-2021 20:36:20.0465 P

################################################################################################################################################
Starting Execution:	[17 out of 137] test cases in the current suite
Test Method:		[testPackage01.Test_uploadFile.uploadFile_invisibleUploadInput]
###############################################################################################################################################



################################################################################################################################################
Starting Execution:	[18 out of 137] test cases in the current suite
Test Method:		[testPackage01.Test_uploadFile.uploadFile_visibleUploadInput]
###############################################################################################################################################

[ReportManager] Attempting to run remotely on: [Linux-64], [GoogleChrome], [http://localhost:4444/wd/hub], Headless Execution. @28-04-2021 20:36:20.0496 PM
[ReportManager] An Exception Occured with this Message: null value in entry: desiredCapabilities=null. @28-04-2021 20:36:20.0496 PM
[ReportManager] Successfully created attachment [Exception Stack Trace - java.lang.NullPointerException] @28-04-2021 20:36:20.0497 PM
[ReportManager] Unhandled Exception with Driver Type [GoogleChrome]. @28-04-2021 20:36:20.0497 P

################################################################################################################################################
Starting Execution:	[19 out of 137] test cases in the current suite
Test Method:		[testPackage01.Test_ShadowDOM.shadowdom]
###############################################################################################################################################


################################################################################################################################################
Starting Execution:	[20 out of 137] test cases in the current suite
Test Method:		[testPackage01.Test_NewValidationHelper.f1]
################################################################################################################################################
[ReportManager] Checking valid user data... @28-04-2021 20:36:20.0514 PM
[ReportManager] AssertEquals PASSED; Expected and Actual values are attached. Comparison Type [EQUALS]. Validation Type [POSITIVE]. @28-04-2021 20:36:20.0515 PM
[ReportManager] Successfully created attachment [Validation Test Data - Expected Value] @28-04-2021 20:36:20.0515 PM
[ReportManager] Successfully created attachment [Validation Test Data - Actual Value] @28-04-2021 20:36:20.0516 P
[ReportManager] Attempting to run remotely on: [Linux-64], [GoogleChrome], [http://localhost:4444/wd/hub], Headless Execution. @28-04-2021 20:36:20.0523 PM
[ReportManager] An Exception Occured with this Message: null value in entry: desiredCapabilities=null. @28-04-2021 20:36:20.0526 PM
[ReportManager] Successfully created attachment [Exception Stack Trace - java.lang.NullPointerException] @28-04-2021 20:36:20.0526 PM
[ReportManager] Unhandled Exception with Driver Type [GoogleChrome]. @28-04-2021 20:36:20.0527 P

################################################################################################################################################
Starting Execution:	[21 out of 137] test cases in the current suite
Test Method:		[testPackage01.Test_NewValidationHelper.f10]
###############################################################################################################################################



################################################################################################################################################
Starting Execution:	[22 out of 137] test cases in the current suite
Test Method:		[testPackage01.Test_NewValidationHelper.f11]
###############################################################################################################################################



################################################################################################################################################
Starting Execution:	[23 out of 137] test cases in the current suite
Test Method:		[testPackage01.Test_NewValidationHelper.f12]
###############################################################################################################################################



################################################################################################################################################
Starting Execution:	[24 out of 137] test cases in the current suite
Test Method:		[testPackage01.Test_NewValidationHelper.f13]
###############################################################################################################################################



################################################################################################################################################
Starting Execution:	[25 out of 137] test cases in the current suite
Test Method:		[testPackage01.Test_NewValidationHelper.f14]
###############################################################################################################################################



################################################################################################################################################
Starting Execution:	[26 out of 137] test cases in the current suite
Test Method:		[testPackage01.Test_NewValidationHelper.f15]
###############################################################################################################################################



################################################################################################################################################
Starting Execution:	[27 out of 137] test cases in the current suite
Test Method:		[testPackage01.Test_NewValidationHelper.f16]
###############################################################################################################################################



################################################################################################################################################
Starting Execution:	[28 out of 137] test cases in the current suite
Test Method:		[testPackage01.Test_NewValidationHelper.f17]
###############################################################################################################################################



################################################################################################################################################
Starting Execution:	[29 out of 137] test cases in the current suite
Test Method:		[testPackage01.Test_NewValidationHelper.f18]
###############################################################################################################################################



################################################################################################################################################
Starting Execution:	[30 out of 137] test cases in the current suite
Test Method:		[testPackage01.Test_NewValidationHelper.f19]
###############################################################################################################################################


################################################################################################################################################
Starting Execution:	[31 out of 137] test cases in the current suite
Test Method:		[testPackage01.Test_NewValidationHelper.f2]
###############################################################################################################################################


################################################################################################################################################
Starting Execution:	[32 out of 137] test cases in the current suite
Test Method:		[testPackage01.Test_NewValidationHelper.f20]
###############################################################################################################################################



################################################################################################################################################
Starting Execution:	[33 out of 137] test cases in the current suite
Test Method:		[testPackage01.Test_NewValidationHelper.f21]
###############################################################################################################################################



################################################################################################################################################
Starting Execution:	[34 out of 137] test cases in the current suite
Test Method:		[testPackage01.Test_NewValidationHelper.f22]
###############################################################################################################################################


################################################################################################################################################
Starting Execution:	[35 out of 137] test cases in the current suite
Test Method:		[testPackage01.Test_NewValidationHelper.f23]
###############################################################################################################################################

################################################################################################################################################
Starting Execution:	[36 out of 137] test cases in the current suite
Test Method:		[testPackage01.Test_NewValidationHelper.f24]
###############################################################################################################################################

################################################################################################################################################
Starting Execution:	[37 out of 137] test cases in the current suite
Test Method:		[testPackage01.Test_NewValidationHelper.f25]
###############################################################################################################################################

################################################################################################################################################
Starting Execution:	[38 out of 137] test cases in the current suite
Test Method:		[testPackage01.Test_NewValidationHelper.f26]
###############################################################################################################################################

################################################################################################################################################
Starting Execution:	[39 out of 137] test cases in the current suite
Test Method:		[testPackage01.Test_NewValidationHelper.f27]
###############################################################################################################################################

################################################################################################################################################
Starting Execution:	[40 out of 137] test cases in the current suite
Test Method:		[testPackage01.Test_NewValidationHelper.f28]
###############################################################################################################################################

################################################################################################################################################
Starting Execution:	[41 out of 137] test cases in the current suite
Test Method:		[testPackage01.Test_NewValidationHelper.f29]
###############################################################################################################################################

################################################################################################################################################
Starting Execution:	[42 out of 137] test cases in the current suite
Test Method:		[testPackage01.Test_NewValidationHelper.f3]
###############################################################################################################################################

################################################################################################################################################
Starting Execution:	[43 out of 137] test cases in the current suite
Test Method:		[testPackage01.Test_NewValidationHelper.f30]
###############################################################################################################################################

################################################################################################################################################
Starting Execution:	[44 out of 137] test cases in the current suite
Test Method:		[testPackage01.Test_NewValidationHelper.f31]
###############################################################################################################################################

################################################################################################################################################
Starting Execution:	[45 out of 137] test cases in the current suite
Test Method:		[testPackage01.Test_NewValidationHelper.f32]
###############################################################################################################################################

################################################################################################################################################
Starting Execution:	[46 out of 137] test cases in the current suite
Test Method:		[testPackage01.Test_NewValidationHelper.f33]
###############################################################################################################################################

################################################################################################################################################
Starting Execution:	[47 out of 137] test cases in the current suite
Test Method:		[testPackage01.Test_NewValidationHelper.f34]
###############################################################################################################################################

################################################################################################################################################
Starting Execution:	[48 out of 137] test cases in the current suite
Test Method:		[testPackage01.Test_NewValidationHelper.f35]
###############################################################################################################################################

################################################################################################################################################
Starting Execution:	[49 out of 137] test cases in the current suite
Test Method:		[testPackage01.Test_NewValidationHelper.f36]
###############################################################################################################################################

################################################################################################################################################
Starting Execution:	[50 out of 137] test cases in the current suite
Test Method:		[testPackage01.Test_NewValidationHelper.f37]
###############################################################################################################################################

################################################################################################################################################
Starting Execution:	[51 out of 137] test cases in the current suite
Test Method:		[testPackage01.Test_NewValidationHelper.f3_1]
###############################################################################################################################################

################################################################################################################################################
Starting Execution:	[52 out of 137] test cases in the current suite
Test Method:		[testPackage01.Test_NewValidationHelper.f4]
###############################################################################################################################################

################################################################################################################################################
Starting Execution:	[53 out of 137] test cases in the current suite
Test Method:		[testPackage01.Test_NewValidationHelper.f5]
###############################################################################################################################################

################################################################################################################################################
Starting Execution:	[54 out of 137] test cases in the current suite
Test Method:		[testPackage01.Test_NewValidationHelper.f6]
###############################################################################################################################################

################################################################################################################################################
Starting Execution:	[55 out of 137] test cases in the current suite
Test Method:		[testPackage01.Test_NewValidationHelper.f6_1]
###############################################################################################################################################

################################################################################################################################################
Starting Execution:	[56 out of 137] test cases in the current suite
Test Method:		[testPackage01.Test_NewValidationHelper.f6_2]
###############################################################################################################################################

################################################################################################################################################
Starting Execution:	[57 out of 137] test cases in the current suite
Test Method:		[testPackage01.Test_NewValidationHelper.f7]
###############################################################################################################################################


################################################################################################################################################
Starting Execution:	[58 out of 137] test cases in the current suite
Test Method:		[testPackage01.Test_NewValidationHelper.f8]
###############################################################################################################################################



################################################################################################################################################
Starting Execution:	[59 out of 137] test cases in the current suite
Test Method:		[testPackage01.Test_NewValidationHelper.f9]
###############################################################################################################################################


################################################################################################################################################
Starting Execution:	[60 out of 137] test cases in the current suite
Test Method:		[testPackage01.Test_NewValidationHelper.forceFail]
###############################################################################################################################################

################################################################################################################################################
Starting Execution:	[61 out of 137] test cases in the current suite
Test Method:		[testPackage01.Test_NewValidationHelper.forceFail2]
###############################################################################################################################################
[ReportManager] Successfully loaded the following test data file [src/test/resources/TestDataFiles/testSuite01/TestData.xlsx]. @28-04-2021 20:36:21.0568 PM
[ReportManager] Successfully created attachment [Test Data - Excel] @28-04-2021 20:36:21.0568 PM
[ReportManager] Attempting to run remotely on: [Linux-64], [GoogleChrome], [http://localhost:4444/wd/hub], Headless Execution. @28-04-2021 20:36:21.0568 PM
[ReportManager] An Exception Occured with this Message: null value in entry: desiredCapabilities=null. @28-04-2021 20:36:21.0588 PM
[ReportManager] Successfully created attachment [Exception Stack Trace - java.lang.NullPointerException] @28-04-2021 20:36:21.0589 PM
[ReportManager] Unhandled Exception with Driver Type [GoogleChrome]. @28-04-2021 20:36:21.0589 P

################################################################################################################################################
Starting Execution:	[62 out of 137] test cases in the current suite
Test Method:		[testPackage01.Test_google.navigateToURLandVerifyGoogleLogoIsDisplayed]
Test Description:	[TC001 - Navigate to URL and Verify Google Logo is Displayed]
###############################################################################################################################################

################################################################################################################################################
Starting Execution:	[63 out of 137] test cases in the current suite
Test Method:		[testPackage01.Test_google.searchForQueryandAssertResultsNumDisplayed]
Test Description:	[TC002 - Search for Query and Assert that the number of results is displayed]
###############################################################################################################################################

################################################################################################################################################
Starting Execution:	[64 out of 137] test cases in the current suite
Test Method:		[testPackage01.Test_google.clickNextThrice]
Test Description:	[TC003 - Clicks the next button to make sure that the framework can scroll element into view before clicking it]
###############################################################################################################################################


################################################################################################################################################
Starting Execution:	[65 out of 137] test cases in the current suite
Test Method:		[testPackage01.Test_testData.f]
################################################################################################################################################
[ReportManager] Successfully loaded the following test data file [src/test/resources/TestDataFiles/testSuite01/TestData.xlsx]. @28-04-2021 20:36:21.0631 PM
[ReportManager] Successfully created attachment [Test Data - Excel] @28-04-2021 20:36:21.0632 PM
[ReportManager] Last Column Number is: [3]. Zero-based. @28-04-2021 20:36:21.0640 P

################################################################################################################################################
Starting Execution:	[66 out of 137] test cases in the current suite
Test Method:		[testPackage01.Test_JsonActions.f]
###############################################################################################################################################

################################################################################################################################################
Starting Execution:	[67 out of 137] test cases in the current suite
Test Method:		[testPackage01.Test_JsonActions.f2]
###############################################################################################################################################

################################################################################################################################################
Starting Execution:	[68 out of 137] test cases in the current suite
Test Method:		[testPackage01.Test_JsonCompareWithSpecialCharacters.specialCharacters]
################################################################################################################################################
[ReportManager] File Action [getAbsolutePath] successfully performed. With the following test data [Relative Folder Path: "src/test/resources/TestJsonFiles/specialCharacters.json"]. @28-04-2021 20:36:21.0747 PM
[ReportManager] File Action [readFromFile] successfully performed. With the following test data [File Path: "/home/runner/work/SHAFT_ENGINE/SHAFT_ENGINE/src/test/resources/TestJsonFiles/specialCharacters.json"]. @28-04-2021 20:36:21.0756 PM
[ReportManager] Successfully created attachment [File Action Actual Result - Command Log] @28-04-2021 20:36:21.0756 PM
[ReportManager] Comparing the provided API response with the file at this path "src/test/resources/TestJsonFiles/specialCharacters.json", comparison type "EQUALS" @28-04-2021 20:36:21.0831 PM
[ReportManager] API Action [compareJSON] successfully performed. With the following test data [src/test/resources/TestJsonFiles/specialCharacters.json]. @28-04-2021 20:36:21.0920 PM
[ReportManager] File Action [getAbsolutePath] successfully performed. With the following test data [Relative Folder Path: "src/test/resources/TestJsonFiles/specialCharacters.json"]. @28-04-2021 20:36:21.0920 PM
[ReportManager] File Action [readFromFile] successfully performed. With the following test data [File Path: "/home/runner/work/SHAFT_ENGINE/SHAFT_ENGINE/src/test/resources/TestJsonFiles/specialCharacters.json"]. @28-04-2021 20:36:21.0921 PM
[ReportManager] VerifyJSONFileContent PASSED; Expected [Response data should match the JSON File in this path 'src/test/resources/TestJsonFiles/specialCharacters.json'] and Actual [TRUE]. Comparison Type [EQUALS]. Validation Type [POSITIVE]. @28-04-2021 20:36:21.0932 PM
[ReportManager] Successfully created attachment [Validation Test Data - Expected JSON Value] @28-04-2021 20:36:21.0933 PM
[ReportManager] Successfully created attachment [Validation Test Data - Actual JSON Value] @28-04-2021 20:36:21.0934 P

################################################################################################################################################
Starting Execution:	[69 out of 137] test cases in the current suite
Test Method:		[testPackage01.Test_JsonCompareWithSpecialCharacters.specialCharacters_assertion]
################################################################################################################################################
[ReportManager] File Action [getAbsolutePath] successfully performed. With the following test data [Relative Folder Path: "src/test/resources/TestJsonFiles/specialCharacters.json"]. @28-04-2021 20:36:21.0943 PM
[ReportManager] File Action [readFromFile] successfully performed. With the following test data [File Path: "/home/runner/work/SHAFT_ENGINE/SHAFT_ENGINE/src/test/resources/TestJsonFiles/specialCharacters.json"]. @28-04-2021 20:36:21.0944 PM
[ReportManager] Successfully created attachment [File Action Actual Result - Command Log] @28-04-2021 20:36:21.0945 PM
[ReportManager] trying out the log message... @28-04-2021 20:36:21.0945 PM
[ReportManager] Comparing the provided API response with the file at this path "src/test/resources/TestJsonFiles/specialCharacters.json", comparison type "CONTAINS" @28-04-2021 20:36:21.0945 PM
[ReportManager] API Action [compareJSON] successfully performed. With the following test data [src/test/resources/TestJsonFiles/specialCharacters.json]. @28-04-2021 20:36:21.0965 PM
[ReportManager] File Action [getAbsolutePath] successfully performed. With the following test data [Relative Folder Path: "src/test/resources/TestJsonFiles/specialCharacters.json"]. @28-04-2021 20:36:21.0965 PM
[ReportManager] File Action [readFromFile] successfully performed. With the following test data [File Path: "/home/runner/work/SHAFT_ENGINE/SHAFT_ENGINE/src/test/resources/TestJsonFiles/specialCharacters.json"]. @28-04-2021 20:36:21.0965 PM
[ReportManager] AssertJSONFileContent PASSED; Expected [Response data should match the JSON File in this path 'src/test/resources/TestJsonFiles/specialCharacters.json'] and Actual [TRUE]. Comparison Type [CONTAINS]. Validation Type [POSITIVE]. @28-04-2021 20:36:21.0971 PM
[ReportManager] Successfully created attachment [Validation Test Data - Expected JSON Value] @28-04-2021 20:36:21.0973 PM
[ReportManager] Successfully created attachment [Validation Test Data - Actual JSON Value] @28-04-2021 20:36:21.0974 P

################################################################################################################################################
Starting Execution:	[70 out of 137] test cases in the current suite
Test Method:		[unitTests.tests_validations_assertions.assertComparativeRelation_greaterThanOrEquals_false_equals_expectedToFail]
################################################################################################################################################
[ReportManager] AssertComparativeRelation FAILED; Expected [1] and Actual [1]. Comparison Type [GREATER_THAN_OR_EQUALS]. Validation Type [NEGATIVE]. @28-04-2021 20:36:21.0988 P

################################################################################################################################################
Starting Execution:	[71 out of 137] test cases in the current suite
Test Method:		[unitTests.tests_validations_assertions.assertComparativeRelation_greaterThanOrEquals_false_equals_expectedToPass]
################################################################################################################################################
[ReportManager] AssertComparativeRelation PASSED; Expected [2] and Actual [1]. Comparison Type [GREATER_THAN_OR_EQUALS]. Validation Type [NEGATIVE]. @28-04-2021 20:36:21.0996 P

################################################################################################################################################
Starting Execution:	[72 out of 137] test cases in the current suite
Test Method:		[unitTests.tests_validations_assertions.assertComparativeRelation_greaterThanOrEquals_false_greaterThan_expectedToFail]
################################################################################################################################################
[ReportManager] AssertComparativeRelation FAILED; Expected [1] and Actual [2]. Comparison Type [GREATER_THAN_OR_EQUALS]. Validation Type [NEGATIVE]. @28-04-2021 20:36:22.0001 P

################################################################################################################################################
Starting Execution:	[73 out of 137] test cases in the current suite
Test Method:		[unitTests.tests_validations_assertions.assertComparativeRelation_greaterThanOrEquals_false_greaterThan_expectedToPass]
################################################################################################################################################
[ReportManager] AssertComparativeRelation PASSED; Expected [2] and Actual [1]. Comparison Type [GREATER_THAN_OR_EQUALS]. Validation Type [NEGATIVE]. @28-04-2021 20:36:22.0008 P

################################################################################################################################################
Starting Execution:	[74 out of 137] test cases in the current suite
Test Method:		[unitTests.tests_validations_assertions.assertComparativeRelation_greaterThanOrEquals_true_equals_expectedToFail]
################################################################################################################################################
[ReportManager] AssertComparativeRelation FAILED; Expected [1] and Actual [0]. Comparison Type [GREATER_THAN_OR_EQUALS]. Validation Type [POSITIVE]. @28-04-2021 20:36:22.0013 P

################################################################################################################################################
Starting Execution:	[75 out of 137] test cases in the current suite
Test Method:		[unitTests.tests_validations_assertions.assertComparativeRelation_greaterThanOrEquals_true_equals_expectedToPass]
################################################################################################################################################
[ReportManager] AssertComparativeRelation PASSED; Expected [1] and Actual [1]. Comparison Type [GREATER_THAN_OR_EQUALS]. Validation Type [POSITIVE]. @28-04-2021 20:36:22.0016 P

################################################################################################################################################
Starting Execution:	[76 out of 137] test cases in the current suite
Test Method:		[unitTests.tests_validations_assertions.assertComparativeRelation_greaterThanOrEquals_true_greaterThan_expectedToFail]
################################################################################################################################################
[ReportManager] AssertComparativeRelation FAILED; Expected [2] and Actual [1]. Comparison Type [GREATER_THAN_OR_EQUALS]. Validation Type [POSITIVE]. @28-04-2021 20:36:22.0022 P

################################################################################################################################################
Starting Execution:	[77 out of 137] test cases in the current suite
Test Method:		[unitTests.tests_validations_assertions.assertComparativeRelation_greaterThanOrEquals_true_greaterThan_expectedToPass]
################################################################################################################################################
[ReportManager] AssertComparativeRelation PASSED; Expected [1] and Actual [2]. Comparison Type [GREATER_THAN_OR_EQUALS]. Validation Type [POSITIVE]. @28-04-2021 20:36:22.0025 P
[ReportManager] Attempting to run remotely on: [Linux-64], [GoogleChrome], [http://localhost:4444/wd/hub], Headless Execution. @28-04-2021 20:36:22.0029 PM
[ReportManager] An Exception Occured with this Message: null value in entry: desiredCapabilities=null. @28-04-2021 20:36:22.0031 PM
[ReportManager] Successfully created attachment [Exception Stack Trace - java.lang.NullPointerException] @28-04-2021 20:36:22.0031 PM
[ReportManager] Unhandled Exception with Driver Type [GoogleChrome]. @28-04-2021 20:36:22.0031 P

################################################################################################################################################
Starting Execution:	[78 out of 137] test cases in the current suite
Test Method:		[unitTests.tests_validations_assertions.assertElementAttribute_false_caseInsensitiveComparison_expectedToFail]
###############################################################################################################################################



################################################################################################################################################
Starting Execution:	[79 out of 137] test cases in the current suite
Test Method:		[unitTests.tests_validations_assertions.assertElementAttribute_false_caseInsensitiveComparison_expectedToPass]
###############################################################################################################################################



################################################################################################################################################
Starting Execution:	[80 out of 137] test cases in the current suite
Test Method:		[unitTests.tests_validations_assertions.assertElementAttribute_false_containsComparison_expectedToFail]
###############################################################################################################################################



################################################################################################################################################
Starting Execution:	[81 out of 137] test cases in the current suite
Test Method:		[unitTests.tests_validations_assertions.assertElementAttribute_false_containsComparison_expectedToPass]
###############################################################################################################################################



################################################################################################################################################
Starting Execution:	[82 out of 137] test cases in the current suite
Test Method:		[unitTests.tests_validations_assertions.assertElementAttribute_false_literalComparison_expectedToFail]
###############################################################################################################################################



################################################################################################################################################
Starting Execution:	[83 out of 137] test cases in the current suite
Test Method:		[unitTests.tests_validations_assertions.assertElementAttribute_false_literalComparison_expectedToPass]
###############################################################################################################################################



################################################################################################################################################
Starting Execution:	[84 out of 137] test cases in the current suite
Test Method:		[unitTests.tests_validations_assertions.assertElementAttribute_false_regexComparison_expectedToFail]
###############################################################################################################################################



################################################################################################################################################
Starting Execution:	[85 out of 137] test cases in the current suite
Test Method:		[unitTests.tests_validations_assertions.assertElementAttribute_false_regexComparison_expectedToPass]
###############################################################################################################################################



################################################################################################################################################
Starting Execution:	[86 out of 137] test cases in the current suite
Test Method:		[unitTests.tests_validations_assertions.assertElementAttribute_true_caseInsensitiveComparison_expectedToFail]
###############################################################################################################################################



################################################################################################################################################
Starting Execution:	[87 out of 137] test cases in the current suite
Test Method:		[unitTests.tests_validations_assertions.assertElementAttribute_true_caseInsensitiveComparison_expectedToPass]
###############################################################################################################################################



################################################################################################################################################
Starting Execution:	[88 out of 137] test cases in the current suite
Test Method:		[unitTests.tests_validations_assertions.assertElementAttribute_true_containsComparison_expectedToFail]
###############################################################################################################################################



################################################################################################################################################
Starting Execution:	[89 out of 137] test cases in the current suite
Test Method:		[unitTests.tests_validations_assertions.assertElementAttribute_true_containsComparison_expectedToPass]
###############################################################################################################################################



################################################################################################################################################
Starting Execution:	[90 out of 137] test cases in the current suite
Test Method:		[unitTests.tests_validations_assertions.assertElementAttribute_true_literalComparison_expectedToFail]
###############################################################################################################################################



################################################################################################################################################
Starting Execution:	[91 out of 137] test cases in the current suite
Test Method:		[unitTests.tests_validations_assertions.assertElementAttribute_true_literalComparison_expectedToPass]
###############################################################################################################################################



################################################################################################################################################
Starting Execution:	[92 out of 137] test cases in the current suite
Test Method:		[unitTests.tests_validations_assertions.assertElementAttribute_true_regexComparison_expectedToFail]
###############################################################################################################################################



################################################################################################################################################
Starting Execution:	[93 out of 137] test cases in the current suite
Test Method:		[unitTests.tests_validations_assertions.assertElementAttribute_true_regexComparison_expectedToPass]
###############################################################################################################################################



################################################################################################################################################
Starting Execution:	[94 out of 137] test cases in the current suite
Test Method:		[unitTests.tests_validations_assertions.assertElementAttribute_type_true_literalComparison_expectedToPass]
###############################################################################################################################################



################################################################################################################################################
Starting Execution:	[95 out of 137] test cases in the current suite
Test Method:		[unitTests.tests_validations_assertions.assertElementExists_false_expectedToFail]
###############################################################################################################################################



################################################################################################################################################
Starting Execution:	[96 out of 137] test cases in the current suite
Test Method:		[unitTests.tests_validations_assertions.assertElementExists_false_expectedToPass]
###############################################################################################################################################



################################################################################################################################################
Starting Execution:	[97 out of 137] test cases in the current suite
Test Method:		[unitTests.tests_validations_assertions.assertElementExists_false_multipleElementsFound_expectedToFail]
###############################################################################################################################################



################################################################################################################################################
Starting Execution:	[98 out of 137] test cases in the current suite
Test Method:		[unitTests.tests_validations_assertions.assertElementExists_true_expectedToFail]
###############################################################################################################################################



################################################################################################################################################
Starting Execution:	[99 out of 137] test cases in the current suite
Test Method:		[unitTests.tests_validations_assertions.assertElementExists_true_expectedToPass]
###############################################################################################################################################



################################################################################################################################################
Starting Execution:	[100 out of 137] test cases in the current suite
Test Method:		[unitTests.tests_validations_assertions.assertElementExists_true_multipleElementsFound_expectedToFail]
###############################################################################################################################################


################################################################################################################################################
Starting Execution:	[101 out of 137] test cases in the current suite
Test Method:		[unitTests.tests_validations_assertions.assertEquals_false_expectedToFail]
###############################################################################################################################################

################################################################################################################################################
Starting Execution:	[102 out of 137] test cases in the current suite
Test Method:		[unitTests.tests_validations_assertions.assertEquals_false_expectedToPass]
###############################################################################################################################################

################################################################################################################################################
Starting Execution:	[103 out of 137] test cases in the current suite
Test Method:		[unitTests.tests_validations_assertions.assertEquals_longCharacters]
###############################################################################################################################################

################################################################################################################################################
Starting Execution:	[104 out of 137] test cases in the current suite
Test Method:		[unitTests.tests_validations_assertions.assertEquals_longCharacters_Discreet]
###############################################################################################################################################

################################################################################################################################################
Starting Execution:	[105 out of 137] test cases in the current suite
Test Method:		[unitTests.tests_validations_assertions.assertEquals_true_expectedToFail]
###############################################################################################################################################

################################################################################################################################################
Starting Execution:	[106 out of 137] test cases in the current suite
Test Method:		[unitTests.tests_validations_assertions.assertEquals_true_expectedToPass]
Test Description:	[Assert that assertEquals works as expected when the two values are equal.]
###############################################################################################################################################

################################################################################################################################################
Starting Execution:	[107 out of 137] test cases in the current suite
Test Method:		[unitTests.tests_validations_assertions.assertEquals_true_expectedToPass__]
###############################################################################################################################################

################################################################################################################################################
Starting Execution:	[108 out of 137] test cases in the current suite
Test Method:		[unitTests.tests_validations_assertions.assertFileExists_false_expectedToFail]
###############################################################################################################################################

################################################################################################################################################
Starting Execution:	[109 out of 137] test cases in the current suite
Test Method:		[unitTests.tests_validations_assertions.assertFileExists_false_expectedToPass]
###############################################################################################################################################

################################################################################################################################################
Starting Execution:	[110 out of 137] test cases in the current suite
Test Method:		[unitTests.tests_validations_assertions.assertFileExists_true_expectedToFail]
###############################################################################################################################################

################################################################################################################################################
Starting Execution:	[111 out of 137] test cases in the current suite
Test Method:		[unitTests.tests_validations_assertions.assertFileExists_true_expectedToPass]
###############################################################################################################################################

################################################################################################################################################
Starting Execution:	[112 out of 137] test cases in the current suite
Test Method:		[unitTests.tests_validations_assertions.assertNull_false_expectedToFail]
###############################################################################################################################################

################################################################################################################################################
Starting Execution:	[113 out of 137] test cases in the current suite
Test Method:		[unitTests.tests_validations_assertions.assertNull_false_expectedToPass]
###############################################################################################################################################

################################################################################################################################################
Starting Execution:	[114 out of 137] test cases in the current suite
Test Method:		[unitTests.tests_validations_assertions.assertNull_true_expectedToFail]
###############################################################################################################################################

################################################################################################################################################
Starting Execution:	[115 out of 137] test cases in the current suite
Test Method:		[unitTests.tests_validations_assertions.assertNull_true_expectedToPass]
###############################################################################################################################################
[ReportManager] Attempting to run remotely on: [Linux-64], [GoogleChrome], [http://localhost:4444/wd/hub], Headless Execution. @28-04-2021 20:36:22.0309 PM
[ReportManager] An Exception Occured with this Message: null value in entry: desiredCapabilities=null. @28-04-2021 20:36:22.0310 PM
[ReportManager] Successfully created attachment [Exception Stack Trace - java.lang.NullPointerException] @28-04-2021 20:36:22.0310 PM
[ReportManager] Unhandled Exception with Driver Type [GoogleChrome]. @28-04-2021 20:36:22.0310 P

################################################################################################################################################
Starting Execution:	[116 out of 137] test cases in the current suite
Test Method:		[unitTests.tests_browserActions.fullScreenWindow]
###############################################################################################################################################



################################################################################################################################################
Starting Execution:	[117 out of 137] test cases in the current suite
Test Method:		[unitTests.tests_browserActions.getCurrentURL]
###############################################################################################################################################



################################################################################################################################################
Starting Execution:	[118 out of 137] test cases in the current suite
Test Method:		[unitTests.tests_browserActions.getCurrentWindowTitle]
###############################################################################################################################################



################################################################################################################################################
Starting Execution:	[119 out of 137] test cases in the current suite
Test Method:		[unitTests.tests_browserActions.getPageSource]
###############################################################################################################################################



################################################################################################################################################
Starting Execution:	[120 out of 137] test cases in the current suite
Test Method:		[unitTests.tests_browserActions.getWindowHandle]
###############################################################################################################################################



################################################################################################################################################
Starting Execution:	[121 out of 137] test cases in the current suite
Test Method:		[unitTests.tests_browserActions.getWindowPosition]
###############################################################################################################################################



################################################################################################################################################
Starting Execution:	[122 out of 137] test cases in the current suite
Test Method:		[unitTests.tests_browserActions.getWindowSize]
###############################################################################################################################################



################################################################################################################################################
Starting Execution:	[123 out of 137] test cases in the current suite
Test Method:		[unitTests.tests_browserActions.maximizeWindow]
###############################################################################################################################################



################################################################################################################################################
Starting Execution:	[124 out of 137] test cases in the current suite
Test Method:		[unitTests.tests_browserActions.navigateBack]
###############################################################################################################################################



################################################################################################################################################
Starting Execution:	[125 out of 137] test cases in the current suite
Test Method:		[unitTests.tests_browserActions.navigateForward]
###############################################################################################################################################



################################################################################################################################################
Starting Execution:	[126 out of 137] test cases in the current suite
Test Method:		[unitTests.tests_browserActions.navigateToURL]
###############################################################################################################################################



################################################################################################################################################
Starting Execution:	[127 out of 137] test cases in the current suite
Test Method:		[unitTests.tests_browserActions.navigateToURLWithRedirection]
###############################################################################################################################################



################################################################################################################################################
Starting Execution:	[128 out of 137] test cases in the current suite
Test Method:		[unitTests.tests_browserActions.refreshCurrentPage]
###############################################################################################################################################



################################################################################################################################################
Starting Execution:	[129 out of 137] test cases in the current suite
Test Method:		[unitTests.tests_browserActions.setWindowSize]
###############################################################################################################################################

[ReportManager] Attempting to run remotely on: [Linux-64], [GoogleChrome], [http://localhost:4444/wd/hub], Headless Execution. @28-04-2021 20:36:22.0400 PM
[ReportManager] An Exception Occured with this Message: null value in entry: desiredCapabilities=null. @28-04-2021 20:36:22.0400 PM
[ReportManager] Successfully created attachment [Exception Stack Trace - java.lang.NullPointerException] @28-04-2021 20:36:22.0401 PM
[ReportManager] Unhandled Exception with Driver Type [GoogleChrome]. @28-04-2021 20:36:22.0401 P

################################################################################################################################################
Starting Execution:	[130 out of 137] test cases in the current suite
Test Method:		[unitTests.tests_element_elementActions.waitForElementToBePresent_false_expectedToFail]
###############################################################################################################################################



################################################################################################################################################
Starting Execution:	[131 out of 137] test cases in the current suite
Test Method:		[unitTests.tests_element_elementActions.waitForElementToBePresent_false_expectedToPass]
###############################################################################################################################################



################################################################################################################################################
Starting Execution:	[132 out of 137] test cases in the current suite
Test Method:		[unitTests.tests_element_elementActions.waitForElementToBePresent_moreThanOneElement_expectedToFail]
###############################################################################################################################################



################################################################################################################################################
Starting Execution:	[133 out of 137] test cases in the current suite
Test Method:		[unitTests.tests_element_elementActions.waitForElementToBePresent_true_expectedToFail]
###############################################################################################################################################



################################################################################################################################################
Starting Execution:	[134 out of 137] test cases in the current suite
Test Method:		[unitTests.tests_element_elementActions.waitForElementToBePresent_true_expectedToPass]
###############################################################################################################################################


################################################################################################################################################
Starting Execution:	[135 out of 137] test cases in the current suite
Test Method:		[unitTests.tests_restActions.getPostsAndAssertBodyForSpecificTitle]
################################################################################################################################################
[ReportManager] Response status code: [200], status line: [HTTP/1.1 200 OK] @28-04-2021 20:36:23.0688 PM
[ReportManager] Evaluating the actual response status code against the expected one...... @28-04-2021 20:36:23.0689 PM
[ReportManager] AssertEquals PASSED; Expected [200] and Actual [200]. Comparison Type [EQUALS]. Validation Type [POSITIVE]. @28-04-2021 20:36:23.0689 PM
[ReportManager] API Action [performRequest] successfully performed. With the following test data [Request Type: "GET" | Target Status Code: "200" | Service URL: "https://jsonplaceholder.typicode.com/posts" | Content Type: "*/*" | Response Time: "781ms"]. @28-04-2021 20:36:23.0785 PM
[ReportManager] Successfully created attachment [API Response - JSON Body] @28-04-2021 20:36:23.0788 PM
[ReportManager] API Action [getResponseJSONValueAsList] successfully performed. @28-04-2021 20:36:23.0834 PM
[ReportManager] API Action [getResponseJSONValue] successfully performed. With the following test data [title]. @28-04-2021 20:36:23.0845 PM
[ReportManager] API Action [getResponseJSONValue] successfully performed. With the following test data [title]. @28-04-2021 20:36:23.0854 PM
[ReportManager] API Action [getResponseJSONValue] successfully performed. With the following test data [body]. @28-04-2021 20:36:23.0862 PM
[ReportManager] AssertEquals PASSED; Expected [qui neque nisi nulla] and Actual [est rerum tempore vitae
sequi sint nihil reprehenderit dolor beatae ea dolores neque
fugiat blanditiis voluptate porro vel nihil molestiae ut reiciendis
qui aperiam non debitis possimus qui neque nisi nulla]. Comparison Type [CONTAINS]. Validation Type [POSITIVE]. @28-04-2021 20:36:23.0862 PM
[ReportManager] API Action [getResponseJSONValue] successfully performed. With the following test data [title]. @28-04-2021 20:36:23.0870 PM
[ReportManager] API Action [getResponseJSONValue] successfully performed. With the following test data [title]. @28-04-2021 20:36:23.0877 PM
[ReportManager] API Action [getResponseJSONValue] successfully performed. With the following test data [title]. @28-04-2021 20:36:23.0883 PM
[ReportManager] API Action [getResponseJSONValue] successfully performed. With the following test data [title]. @28-04-2021 20:36:23.0890 PM
[ReportManager] API Action [getResponseJSONValue] successfully performed. With the following test data [title]. @28-04-2021 20:36:23.0896 PM
[ReportManager] API Action [getResponseJSONValue] successfully performed. With the following test data [title]. @28-04-2021 20:36:23.0903 PM
[ReportManager] API Action [getResponseJSONValue] successfully performed. With the following test data [title]. @28-04-2021 20:36:23.0909 PM
[ReportManager] API Action [getResponseJSONValue] successfully performed. With the following test data [title]. @28-04-2021 20:36:23.0915 PM
[ReportManager] API Action [getResponseJSONValue] successfully performed. With the following test data [title]. @28-04-2021 20:36:23.0922 PM
[ReportManager] API Action [getResponseJSONValue] successfully performed. With the following test data [title]. @28-04-2021 20:36:23.0929 PM
[ReportManager] API Action [getResponseJSONValue] successfully performed. With the following test data [title]. @28-04-2021 20:36:23.0937 PM
[ReportManager] API Action [getResponseJSONValue] successfully performed. With the following test data [title]. @28-04-2021 20:36:23.0944 PM
[ReportManager] API Action [getResponseJSONValue] successfully performed. With the following test data [title]. @28-04-2021 20:36:23.0950 PM
[ReportManager] API Action [getResponseJSONValue] successfully performed. With the following test data [title]. @28-04-2021 20:36:23.0956 PM
[ReportManager] API Action [getResponseJSONValue] successfully performed. With the following test data [title]. @28-04-2021 20:36:23.0962 PM
[ReportManager] API Action [getResponseJSONValue] successfully performed. With the following test data [title]. @28-04-2021 20:36:23.0968 PM
[ReportManager] API Action [getResponseJSONValue] successfully performed. With the following test data [title]. @28-04-2021 20:36:23.0974 PM
[ReportManager] API Action [getResponseJSONValue] successfully performed. With the following test data [title]. @28-04-2021 20:36:23.0980 PM
[ReportManager] API Action [getResponseJSONValue] successfully performed. With the following test data [title]. @28-04-2021 20:36:23.0986 PM
[ReportManager] API Action [getResponseJSONValue] successfully performed. With the following test data [title]. @28-04-2021 20:36:23.0992 PM
[ReportManager] API Action [getResponseJSONValue] successfully performed. With the following test data [title]. @28-04-2021 20:36:23.0997 PM
[ReportManager] API Action [getResponseJSONValue] successfully performed. With the following test data [title]. @28-04-2021 20:36:24.0003 PM
[ReportManager] API Action [getResponseJSONValue] successfully performed. With the following test data [title]. @28-04-2021 20:36:24.0009 PM
[ReportManager] API Action [getResponseJSONValue] successfully performed. With the following test data [title]. @28-04-2021 20:36:24.0015 PM
[ReportManager] API Action [getResponseJSONValue] successfully performed. With the following test data [title]. @28-04-2021 20:36:24.0020 PM
[ReportManager] API Action [getResponseJSONValue] successfully performed. With the following test data [title]. @28-04-2021 20:36:24.0027 PM
[ReportManager] API Action [getResponseJSONValue] successfully performed. With the following test data [title]. @28-04-2021 20:36:24.0033 PM
[ReportManager] API Action [getResponseJSONValue] successfully performed. With the following test data [title]. @28-04-2021 20:36:24.0038 PM
[ReportManager] API Action [getResponseJSONValue] successfully performed. With the following test data [title]. @28-04-2021 20:36:24.0044 PM
[ReportManager] API Action [getResponseJSONValue] successfully performed. With the following test data [title]. @28-04-2021 20:36:24.0050 PM
[ReportManager] API Action [getResponseJSONValue] successfully performed. With the following test data [title]. @28-04-2021 20:36:24.0055 PM
[ReportManager] API Action [getResponseJSONValue] successfully performed. With the following test data [title]. @28-04-2021 20:36:24.0061 PM
[ReportManager] API Action [getResponseJSONValue] successfully performed. With the following test data [title]. @28-04-2021 20:36:24.0067 PM
[ReportManager] API Action [getResponseJSONValue] successfully performed. With the following test data [title]. @28-04-2021 20:36:24.0074 PM
[ReportManager] API Action [getResponseJSONValue] successfully performed. With the following test data [title]. @28-04-2021 20:36:24.0079 PM
[ReportManager] API Action [getResponseJSONValue] successfully performed. With the following test data [title]. @28-04-2021 20:36:24.0085 PM
[ReportManager] API Action [getResponseJSONValue] successfully performed. With the following test data [title]. @28-04-2021 20:36:24.0091 PM
[ReportManager] API Action [getResponseJSONValue] successfully performed. With the following test data [title]. @28-04-2021 20:36:24.0097 PM
[ReportManager] API Action [getResponseJSONValue] successfully performed. With the following test data [title]. @28-04-2021 20:36:24.0102 PM
[ReportManager] API Action [getResponseJSONValue] successfully performed. With the following test data [title]. @28-04-2021 20:36:24.0108 PM
[ReportManager] API Action [getResponseJSONValue] successfully performed. With the following test data [title]. @28-04-2021 20:36:24.0114 PM
[ReportManager] API Action [getResponseJSONValue] successfully performed. With the following test data [title]. @28-04-2021 20:36:24.0119 PM
[ReportManager] API Action [getResponseJSONValue] successfully performed. With the following test data [title]. @28-04-2021 20:36:24.0125 PM
[ReportManager] API Action [getResponseJSONValue] successfully performed. With the following test data [title]. @28-04-2021 20:36:24.0130 PM
[ReportManager] API Action [getResponseJSONValue] successfully performed. With the following test data [title]. @28-04-2021 20:36:24.0136 PM
[ReportManager] API Action [getResponseJSONValue] successfully performed. With the following test data [title]. @28-04-2021 20:36:24.0141 PM
[ReportManager] API Action [getResponseJSONValue] successfully performed. With the following test data [title]. @28-04-2021 20:36:24.0146 PM
[ReportManager] API Action [getResponseJSONValue] successfully performed. With the following test data [title]. @28-04-2021 20:36:24.0152 PM
[ReportManager] API Action [getResponseJSONValue] successfully performed. With the following test data [title]. @28-04-2021 20:36:24.0158 PM
[ReportManager] API Action [getResponseJSONValue] successfully performed. With the following test data [title]. @28-04-2021 20:36:24.0164 PM
[ReportManager] API Action [getResponseJSONValue] successfully performed. With the following test data [title]. @28-04-2021 20:36:24.0170 PM
[ReportManager] API Action [getResponseJSONValue] successfully performed. With the following test data [title]. @28-04-2021 20:36:24.0176 PM
[ReportManager] API Action [getResponseJSONValue] successfully performed. With the following test data [title]. @28-04-2021 20:36:24.0182 PM
[ReportManager] API Action [getResponseJSONValue] successfully performed. With the following test data [title]. @28-04-2021 20:36:24.0187 PM
[ReportManager] API Action [getResponseJSONValue] successfully performed. With the following test data [title]. @28-04-2021 20:36:24.0192 PM
[ReportManager] API Action [getResponseJSONValue] successfully performed. With the following test data [title]. @28-04-2021 20:36:24.0198 PM
[ReportManager] API Action [getResponseJSONValue] successfully performed. With the following test data [title]. @28-04-2021 20:36:24.0203 PM
[ReportManager] API Action [getResponseJSONValue] successfully performed. With the following test data [title]. @28-04-2021 20:36:24.0208 PM
[ReportManager] API Action [getResponseJSONValue] successfully performed. With the following test data [title]. @28-04-2021 20:36:24.0227 PM
[ReportManager] API Action [getResponseJSONValue] successfully performed. With the following test data [title]. @28-04-2021 20:36:24.0233 PM
[ReportManager] API Action [getResponseJSONValue] successfully performed. With the following test data [title]. @28-04-2021 20:36:24.0238 PM
[ReportManager] API Action [getResponseJSONValue] successfully performed. With the following test data [title]. @28-04-2021 20:36:24.0243 PM
[ReportManager] API Action [getResponseJSONValue] successfully performed. With the following test data [title]. @28-04-2021 20:36:24.0248 PM
[ReportManager] API Action [getResponseJSONValue] successfully performed. With the following test data [title]. @28-04-2021 20:36:24.0254 PM
[ReportManager] API Action [getResponseJSONValue] successfully performed. With the following test data [title]. @28-04-2021 20:36:24.0260 PM
[ReportManager] API Action [getResponseJSONValue] successfully performed. With the following test data [title]. @28-04-2021 20:36:24.0266 PM
[ReportManager] API Action [getResponseJSONValue] successfully performed. With the following test data [title]. @28-04-2021 20:36:24.0272 PM
[ReportManager] API Action [getResponseJSONValue] successfully performed. With the following test data [title]. @28-04-2021 20:36:24.0279 PM
[ReportManager] API Action [getResponseJSONValue] successfully performed. With the following test data [title]. @28-04-2021 20:36:24.0285 PM
[ReportManager] API Action [getResponseJSONValue] successfully performed. With the following test data [title]. @28-04-2021 20:36:24.0291 PM
[ReportManager] API Action [getResponseJSONValue] successfully performed. With the following test data [title]. @28-04-2021 20:36:24.0297 PM
[ReportManager] API Action [getResponseJSONValue] successfully performed. With the following test data [title]. @28-04-2021 20:36:24.0303 PM
[ReportManager] API Action [getResponseJSONValue] successfully performed. With the following test data [title]. @28-04-2021 20:36:24.0310 PM
[ReportManager] API Action [getResponseJSONValue] successfully performed. With the following test data [title]. @28-04-2021 20:36:24.0316 PM
[ReportManager] API Action [getResponseJSONValue] successfully performed. With the following test data [title]. @28-04-2021 20:36:24.0322 PM
[ReportManager] API Action [getResponseJSONValue] successfully performed. With the following test data [title]. @28-04-2021 20:36:24.0328 PM
[ReportManager] API Action [getResponseJSONValue] successfully performed. With the following test data [title]. @28-04-2021 20:36:24.0334 PM
[ReportManager] API Action [getResponseJSONValue] successfully performed. With the following test data [title]. @28-04-2021 20:36:24.0339 PM
[ReportManager] API Action [getResponseJSONValue] successfully performed. With the following test data [title]. @28-04-2021 20:36:24.0344 PM
[ReportManager] API Action [getResponseJSONValue] successfully performed. With the following test data [title]. @28-04-2021 20:36:24.0349 PM
[ReportManager] API Action [getResponseJSONValue] successfully performed. With the following test data [title]. @28-04-2021 20:36:24.0354 PM
[ReportManager] API Action [getResponseJSONValue] successfully performed. With the following test data [title]. @28-04-2021 20:36:24.0359 PM
[ReportManager] API Action [getResponseJSONValue] successfully performed. With the following test data [title]. @28-04-2021 20:36:24.0364 PM
[ReportManager] API Action [getResponseJSONValue] successfully performed. With the following test data [title]. @28-04-2021 20:36:24.0370 PM
[ReportManager] API Action [getResponseJSONValue] successfully performed. With the following test data [title]. @28-04-2021 20:36:24.0376 PM
[ReportManager] API Action [getResponseJSONValue] successfully performed. With the following test data [title]. @28-04-2021 20:36:24.0381 PM
[ReportManager] API Action [getResponseJSONValue] successfully performed. With the following test data [title]. @28-04-2021 20:36:24.0387 PM
[ReportManager] API Action [getResponseJSONValue] successfully performed. With the following test data [title]. @28-04-2021 20:36:24.0391 PM
[ReportManager] API Action [getResponseJSONValue] successfully performed. With the following test data [title]. @28-04-2021 20:36:24.0398 PM
[ReportManager] API Action [getResponseJSONValue] successfully performed. With the following test data [title]. @28-04-2021 20:36:24.0403 PM
[ReportManager] API Action [getResponseJSONValue] successfully performed. With the following test data [title]. @28-04-2021 20:36:24.0408 PM
[ReportManager] API Action [getResponseJSONValue] successfully performed. With the following test data [title]. @28-04-2021 20:36:24.0414 PM
[ReportManager] API Action [getResponseJSONValue] successfully performed. With the following test data [title]. @28-04-2021 20:36:24.0419 PM
[ReportManager] API Action [getResponseJSONValue] successfully performed. With the following test data [title]. @28-04-2021 20:36:24.0424 PM
[ReportManager] API Action [getResponseJSONValue] successfully performed. With the following test data [title]. @28-04-2021 20:36:24.0430 PM
[ReportManager] API Action [getResponseJSONValue] successfully performed. With the following test data [title]. @28-04-2021 20:36:24.0436 PM
[ReportManager] API Action [getResponseJSONValue] successfully performed. With the following test data [title]. @28-04-2021 20:36:24.0473 PM
[ReportManager] API Action [getResponseJSONValue] successfully performed. With the following test data [title]. @28-04-2021 20:36:24.0482 P

################################################################################################################################################
Starting Execution:	[136 out of 137] test cases in the current suite
Test Method:		[unitTests.tests_restActions.validateUserEmail]
################################################################################################################################################
[ReportManager] Response status code: [200], status line: [HTTP/1.1 200 OK] @28-04-2021 20:36:25.0017 PM
[ReportManager] Evaluating the actual response status code against the expected one...... @28-04-2021 20:36:25.0017 PM
[ReportManager] AssertEquals PASSED; Expected [200] and Actual [200]. Comparison Type [EQUALS]. Validation Type [POSITIVE]. @28-04-2021 20:36:25.0017 PM
[ReportManager] API Action [performRequest] successfully performed. With the following test data [Request Type: "GET" | Target Status Code: "200" | Service URL: "https://jsonplaceholder.typicode.com/users" | Content Type: "*/*" | Response Time: "502ms"]. @28-04-2021 20:36:25.0036 PM
[ReportManager] Successfully created attachment [API Response - JSON Body] @28-04-2021 20:36:25.0036 PM
[ReportManager] AssertEquals PASSED; Expected and Actual values are attached. Comparison Type [CONTAINS]. Validation Type [POSITIVE]. @28-04-2021 20:36:25.0037 PM
[ReportManager] Successfully created attachment [Validation Test Data - Expected Value] @28-04-2021 20:36:25.0037 PM
[ReportManager] Successfully created attachment [Validation Test Data - Actual Value] @28-04-2021 20:36:25.0037 PM
[ReportManager] API Action [getResponseJSONValueAsList] successfully performed. With the following test data [$]. @28-04-2021 20:36:25.0040 PM
[ReportManager] API Action [getResponseJSONValue] successfully performed. With the following test data [name]. @28-04-2021 20:36:25.0048 PM
[ReportManager] API Action [getResponseJSONValue] successfully performed. With the following test data [email]. @28-04-2021 20:36:25.0053 PM
[ReportManager] AssertEquals PASSED; Expected [Sincere@april.biz] and Actual [Sincere@april.biz]. Comparison Type [EQUALS]. Validation Type [POSITIVE]. @28-04-2021 20:36:25.0053 PM
[ReportManager] API Action [getResponseJSONValue] successfully performed. With the following test data [name]. @28-04-2021 20:36:25.0062 PM
[ReportManager] API Action [getResponseJSONValue] successfully performed. With the following test data [name]. @28-04-2021 20:36:25.0070 PM
[ReportManager] API Action [getResponseJSONValue] successfully performed. With the following test data [name]. @28-04-2021 20:36:25.0078 PM
[ReportManager] API Action [getResponseJSONValue] successfully performed. With the following test data [name]. @28-04-2021 20:36:25.0085 PM
[ReportManager] API Action [getResponseJSONValue] successfully performed. With the following test data [name]. @28-04-2021 20:36:25.0092 PM
[ReportManager] API Action [getResponseJSONValue] successfully performed. With the following test data [name]. @28-04-2021 20:36:25.0097 PM
[ReportManager] API Action [getResponseJSONValue] successfully performed. With the following test data [name]. @28-04-2021 20:36:25.0104 PM
[ReportManager] API Action [getResponseJSONValue] successfully performed. With the following test data [name]. @28-04-2021 20:36:25.0111 PM
[ReportManager] API Action [getResponseJSONValue] successfully performed. With the following test data [name]. @28-04-2021 20:36:25.0117 P
[ReportManager] Successfully loaded the following test data file [src/test/resources/TestDataFiles/testSuite01/TestData.xlsx]. @28-04-2021 20:36:25.0157 PM
[ReportManager] Successfully created attachment [Test Data - Excel] @28-04-2021 20:36:25.0157 P

################################################################################################################################################
Starting Execution:	[137 out of 137] test cases in the current suite
Test Method:		[unitTests.tests_io_excelFileManager.getCellData_rowName_expectedToPass]
################################################################################################################################################
[ReportManager] testRowData. @28-04-2021 20:36:25.0167 P

################################################################################################################################################
Test Closure Activities
################################################################################################################################################
[ReportManager] Successfully created attachment [SHAFT Engine Logs - Execution log] @28-04-2021 20:36:25.0185 PM

################################################################################################################################################
This test run was powered by SHAFT Engine Version: [SHAFT Engine v5.2.20210427]
SHAFT Engine is licensed under the MIT License: [https://github.com/MohabMohie/SHAFT_ENGINE/blob/master/LICENSE].
################################################################################################################################################